<?xml version="1.0" encoding="utf-8"?><testsuites><testsuite name="pytest" errors="1" failures="0" skipped="0" tests="1" time="0.173" timestamp="2023-09-03T16:59:15.331430" hostname="DESKTOP-LRES10Q"><testcase classname="" name="tests.test_main" time="0.000"><error message="collection failure">ImportError while importing test module 'D:\Pós Graduação UFPE\Gerência de configuração\Projeto final\Projeto-SCM\tests\test_main.py'.
Hint: make sure your test modules/packages have valid Python names.
Traceback:
C:\Users\Klaus Damasceno\Python39\lib\importlib\__init__.py:127: in import_module
    return _bootstrap._gcd_import(name[level:], package, level)
tests\test_main.py:1: in &lt;module&gt;
    import src.main as main
E   ModuleNotFoundError: No module named 'src.main'</error></testcase></testsuite></testsuites>