<?xml version="1.0" encoding="utf-8"?><testsuites><testsuite name="pytest" errors="0" failures="0" skipped="0" tests="13" time="1.307" timestamp="2023-09-03T20:36:04.231377" hostname="DESKTOP-RNL0K0H"><testcase classname="tests.test_main.TestAccount" name="test_writeAccount" time="0.022" /><testcase classname="tests.test_main.TestAccount" name="test_writeAccountsFile_fileDontExist" time="0.009" /><testcase classname="tests.test_main.TestAccount" name="test_depositAndWithdraw_regularOperation[500-1-1500]" time="0.019" /><testcase classname="tests.test_main.TestAccount" name="test_depositAndWithdraw_regularOperation[500-2-1000]" time="0.029" /><testcase classname="tests.test_main.TestAccount" name="test_depositAndWithdraw_largerAmount" time="0.047" /><testcase classname="tests.test_main.TestAccount" name="test_depositAndWithdraw_fileDontExist" time="0.035" /><testcase classname="tests.test_main.TestAccount" name="test_displaySp_regularOperation" time="0.041" /><testcase classname="tests.test_main.TestAccount" name="test_displaySp_unexistingRecord" time="0.050" /><testcase classname="tests.test_main.TestAccount" name="test_displaySp_fileDontExist" time="0.043" /><testcase classname="tests.test_main.TestAccount" name="test_displayAll" time="0.100" /><testcase classname="tests.test_main.TestAccount" name="test_displayAll_fileDontExist" time="0.040" /><testcase classname="tests.test_main.TestAccount" name="test_modifyAccount" time="0.017" /><testcase classname="tests.test_main.TestAccount" name="test_deleteAccount" time="0.033" /></testsuite></testsuites>